[2024-09-19T09:16:02.232+0000] {local_task_job_runner.py:123} INFO - ::group::Pre task execution logs
[2024-09-19T09:16:02.251+0000] {taskinstance.py:2612} INFO - Dependencies all met for dep_context=non-requeueable deps ti=<TaskInstance: nba_data_pipeline.run_data_ingestion manual__2024-09-19T09:13:25.420482+00:00 [queued]>
[2024-09-19T09:16:02.261+0000] {taskinstance.py:2612} INFO - Dependencies all met for dep_context=requeueable deps ti=<TaskInstance: nba_data_pipeline.run_data_ingestion manual__2024-09-19T09:13:25.420482+00:00 [queued]>
[2024-09-19T09:16:02.261+0000] {taskinstance.py:2865} INFO - Starting attempt 2 of 5
[2024-09-19T09:16:02.276+0000] {taskinstance.py:2888} INFO - Executing <Task(DockerOperator): run_data_ingestion> on 2024-09-19 09:13:25.420482+00:00
[2024-09-19T09:16:02.284+0000] {standard_task_runner.py:104} INFO - Running: ['airflow', 'tasks', 'run', 'nba_data_pipeline', 'run_data_ingestion', 'manual__2024-09-19T09:13:25.420482+00:00', '--job-id', '6', '--raw', '--subdir', 'DAGS_FOLDER/nba_data_pipeline.py', '--cfg-path', '/tmp/tmpf1jhd50v']
[2024-09-19T09:16:02.288+0000] {standard_task_runner.py:105} INFO - Job 6: Subtask run_data_ingestion
[2024-09-19T09:16:02.290+0000] {logging_mixin.py:190} WARNING - /home/airflow/.local/lib/python3.12/site-packages/airflow/task/task_runner/standard_task_runner.py:70 DeprecationWarning: This process (pid=237) is multi-threaded, use of fork() may lead to deadlocks in the child.
[2024-09-19T09:16:02.291+0000] {standard_task_runner.py:72} INFO - Started process 238 to run task
[2024-09-19T09:16:02.339+0000] {task_command.py:467} INFO - Running <TaskInstance: nba_data_pipeline.run_data_ingestion manual__2024-09-19T09:13:25.420482+00:00 [running]> on host 76dded199c5f
[2024-09-19T09:16:02.448+0000] {taskinstance.py:3131} INFO - Exporting env vars: AIRFLOW_CTX_DAG_OWNER='airflow' AIRFLOW_CTX_DAG_ID='nba_data_pipeline' AIRFLOW_CTX_TASK_ID='run_data_ingestion' AIRFLOW_CTX_EXECUTION_DATE='2024-09-19T09:13:25.420482+00:00' AIRFLOW_CTX_TRY_NUMBER='2' AIRFLOW_CTX_DAG_RUN_ID='manual__2024-09-19T09:13:25.420482+00:00'
[2024-09-19T09:16:02.449+0000] {taskinstance.py:731} INFO - ::endgroup::
[2024-09-19T09:16:02.481+0000] {docker.py:367} INFO - Starting docker container from image us-west1-docker.pkg.dev/nba-fantasy-ml/nba-data-pipeline-repo/data-ingestion:latest
[2024-09-19T09:16:02.490+0000] {docker.py:375} WARNING - Using remote engine or docker-in-docker and mounting temporary volume from host is not supported. Falling back to `mount_tmp_dir=False` mode. You can set `mount_tmp_dir` parameter to False to disable mounting and remove the warning
[2024-09-19T09:17:21.505+0000] {docker.py:438} INFO - Processing batch 1/1
[2024-09-19T09:17:21.507+0000] {docker.py:438} INFO - Scraping box score: https://www.basketball-reference.com/boxscores/202310240DEN.html for game date 2023-10-24
[2024-09-19T09:17:21.508+0000] {docker.py:438} INFO - Scraping box score: https://www.basketball-reference.com/boxscores/202310240GSW.html for game date 2023-10-24
[2024-09-19T09:17:21.508+0000] {docker.py:438} INFO - Scraping box score: https://www.basketball-reference.com/boxscores/202310250ORL.html for game date 2023-10-25
[2024-09-19T09:17:21.508+0000] {docker.py:438} INFO - Scraping box score: https://www.basketball-reference.com/boxscores/202310250NYK.html for game date 2023-10-25
[2024-09-19T09:17:21.509+0000] {docker.py:438} INFO - Scraping box score: https://www.basketball-reference.com/boxscores/202310250IND.html for game date 2023-10-25
[2024-09-19T09:17:21.509+0000] {docker.py:438} INFO - Scraping box score: https://www.basketball-reference.com/boxscores/202310250CHO.html for game date 2023-10-25
[2024-09-19T09:17:21.510+0000] {docker.py:438} INFO - Scraping box score: https://www.basketball-reference.com/boxscores/202310250MIA.html for game date 2023-10-25
[2024-09-19T09:17:21.512+0000] {docker.py:438} INFO - Scraping box score: https://www.basketball-reference.com/boxscores/202310250TOR.html for game date 2023-10-25
[2024-09-19T09:17:21.512+0000] {docker.py:438} INFO - Scraping box score: https://www.basketball-reference.com/boxscores/202310250BRK.html for game date 2023-10-25
[2024-09-19T09:17:21.513+0000] {docker.py:438} INFO - Scraping box score: https://www.basketball-reference.com/boxscores/202310250MEM.html for game date 2023-10-25
[2024-09-19T09:17:21.514+0000] {docker.py:438} INFO - Skipping incomplete data for ja morant
[2024-09-19T09:17:21.514+0000] {docker.py:438} INFO - Scraping box score: https://www.basketball-reference.com/boxscores/202310250CHI.html for game date 2023-10-25
[2024-09-19T09:17:21.515+0000] {docker.py:438} INFO - Scraping box score: https://www.basketball-reference.com/boxscores/202310250UTA.html for game date 2023-10-25
[2024-09-19T09:17:21.515+0000] {docker.py:438} INFO - Scraping box score: https://www.basketball-reference.com/boxscores/202310250SAS.html for game date 2023-10-25
[2024-09-19T09:17:21.516+0000] {docker.py:438} INFO - Skipping incomplete data for devonte' graham
[2024-09-19T09:17:21.516+0000] {docker.py:438} INFO - Scraping box score: https://www.basketball-reference.com/boxscores/202310250LAC.html for game date 2023-10-25
[2024-09-19T09:17:21.517+0000] {docker.py:438} INFO - File player_box_scores/2023-24/nba_player_stats_2023-24_2023-10-24_to_2023-10-25_2024-09-19_09-17-21.csv successfully uploaded to bucket nba-raw-data
[2024-09-19T09:17:21.517+0000] {docker.py:438} INFO - 2024-09-19 09:17:21,503 - INFO - Data successfully uploaded to MinIO bucket 'nba-raw-data' as 'player_box_scores/2023-24/nba_player_stats_2023-24_2023-10-24_to_2023-10-25_2024-09-19_09-17-21.csv'
[2024-09-19T09:17:21.518+0000] {docker.py:438} INFO - 2024-09-19 09:17:21,503 - INFO - Data ingestion completed successfully
[2024-09-19T09:17:21.803+0000] {taskinstance.py:340} INFO - ::group::Post task execution logs
[2024-09-19T09:17:21.803+0000] {taskinstance.py:352} INFO - Marking task as SUCCESS. dag_id=nba_data_pipeline, task_id=run_data_ingestion, run_id=manual__2024-09-19T09:13:25.420482+00:00, execution_date=20240919T091325, start_date=20240919T091602, end_date=20240919T091721
[2024-09-19T09:17:21.843+0000] {local_task_job_runner.py:266} INFO - Task exited with return code 0
[2024-09-19T09:17:21.868+0000] {taskinstance.py:3900} INFO - 1 downstream tasks scheduled from follow-on schedule check
[2024-09-19T09:17:21.870+0000] {local_task_job_runner.py:245} INFO - ::endgroup::
