[2024-09-19T21:17:33.460+0000] {local_task_job_runner.py:123} INFO - ::group::Pre task execution logs
[2024-09-19T21:17:33.477+0000] {taskinstance.py:2612} INFO - Dependencies all met for dep_context=non-requeueable deps ti=<TaskInstance: nba_data_pipeline.run_data_processing manual__2024-09-19T21:16:14.398095+00:00 [queued]>
[2024-09-19T21:17:33.486+0000] {taskinstance.py:2612} INFO - Dependencies all met for dep_context=requeueable deps ti=<TaskInstance: nba_data_pipeline.run_data_processing manual__2024-09-19T21:16:14.398095+00:00 [queued]>
[2024-09-19T21:17:33.486+0000] {taskinstance.py:2865} INFO - Starting attempt 1 of 4
[2024-09-19T21:17:33.501+0000] {taskinstance.py:2888} INFO - Executing <Task(DockerOperator): run_data_processing> on 2024-09-19 21:16:14.398095+00:00
[2024-09-19T21:17:33.508+0000] {standard_task_runner.py:104} INFO - Running: ['airflow', 'tasks', 'run', 'nba_data_pipeline', 'run_data_processing', 'manual__2024-09-19T21:16:14.398095+00:00', '--job-id', '7', '--raw', '--subdir', 'DAGS_FOLDER/nba_data_pipeline.py', '--cfg-path', '/tmp/tmpjglcf1_6']
[2024-09-19T21:17:33.511+0000] {standard_task_runner.py:105} INFO - Job 7: Subtask run_data_processing
[2024-09-19T21:17:33.513+0000] {logging_mixin.py:190} WARNING - /home/airflow/.local/lib/python3.12/site-packages/airflow/task/task_runner/standard_task_runner.py:70 DeprecationWarning: This process (pid=435) is multi-threaded, use of fork() may lead to deadlocks in the child.
[2024-09-19T21:17:33.514+0000] {standard_task_runner.py:72} INFO - Started process 436 to run task
[2024-09-19T21:17:33.558+0000] {task_command.py:467} INFO - Running <TaskInstance: nba_data_pipeline.run_data_processing manual__2024-09-19T21:16:14.398095+00:00 [running]> on host 19c433e2f996
[2024-09-19T21:17:33.655+0000] {taskinstance.py:3131} INFO - Exporting env vars: AIRFLOW_CTX_DAG_OWNER='airflow' AIRFLOW_CTX_DAG_ID='nba_data_pipeline' AIRFLOW_CTX_TASK_ID='run_data_processing' AIRFLOW_CTX_EXECUTION_DATE='2024-09-19T21:16:14.398095+00:00' AIRFLOW_CTX_TRY_NUMBER='1' AIRFLOW_CTX_DAG_RUN_ID='manual__2024-09-19T21:16:14.398095+00:00'
[2024-09-19T21:17:33.656+0000] {taskinstance.py:731} INFO - ::endgroup::
[2024-09-19T21:17:33.683+0000] {docker.py:367} INFO - Starting docker container from image us-west1-docker.pkg.dev/nba-fantasy-ml/nba-data-pipeline-repo/data-processing:latest
[2024-09-19T21:17:33.691+0000] {docker.py:375} WARNING - Using remote engine or docker-in-docker and mounting temporary volume from host is not supported. Falling back to `mount_tmp_dir=False` mode. You can set `mount_tmp_dir` parameter to False to disable mounting and remove the warning
[2024-09-19T21:17:34.409+0000] {docker.py:438} INFO - 2024-09-19 21:17:34,407 - INFO - Starting data processing...
[2024-09-19T21:17:34.412+0000] {docker.py:438} INFO - 2024-09-19 21:17:34,411 - INFO - Database connected.
[2024-09-19T21:17:34.413+0000] {docker.py:438} INFO - 2024-09-19 21:17:34,411 - INFO - Cleaning and preprocessing data...
[2024-09-19T21:17:34.444+0000] {docker.py:438} INFO - 2024-09-19 21:17:34,442 - INFO - Validation passed.
[2024-09-19T21:17:34.444+0000] {docker.py:438} INFO - 2024-09-19 21:17:34,442 - INFO - Assigning unique IDs for players and games...
[2024-09-19T21:17:34.515+0000] {docker.py:438} INFO - 2024-09-19 21:17:34,513 - INFO - Inserting player stats into database...
[2024-09-19T21:17:34.604+0000] {docker.py:438} INFO - 2024-09-19 21:17:34,602 - INFO - Data processing completed successfully.
[2024-09-19T21:17:34.604+0000] {docker.py:438} INFO - 2024-09-19 21:17:34,603 - INFO - Database connection closed.
[2024-09-19T21:17:34.605+0000] {docker.py:438} INFO - 2024-09-19 21:17:34,603 - INFO - Successfully processed player_box_scores/2023-24/nba_player_stats_2023-24_2023-10-24_to_2023-10-25_2024-09-19_21-17-32.csv
[2024-09-19T21:17:34.796+0000] {taskinstance.py:340} INFO - ::group::Post task execution logs
[2024-09-19T21:17:34.797+0000] {taskinstance.py:352} INFO - Marking task as SUCCESS. dag_id=nba_data_pipeline, task_id=run_data_processing, run_id=manual__2024-09-19T21:16:14.398095+00:00, execution_date=20240919T211614, start_date=20240919T211733, end_date=20240919T211734
[2024-09-19T21:17:34.847+0000] {local_task_job_runner.py:266} INFO - Task exited with return code 0
[2024-09-19T21:17:34.867+0000] {taskinstance.py:3900} INFO - 0 downstream tasks scheduled from follow-on schedule check
[2024-09-19T21:17:34.869+0000] {local_task_job_runner.py:245} INFO - ::endgroup::
