[2024-09-19T06:09:15.510+0000] {local_task_job_runner.py:123} INFO - ::group::Pre task execution logs
[2024-09-19T06:09:15.531+0000] {taskinstance.py:2612} INFO - Dependencies all met for dep_context=non-requeueable deps ti=<TaskInstance: nba_data_pipeline.run_data_ingestion manual__2024-09-19T06:09:14.741097+00:00 [queued]>
[2024-09-19T06:09:15.543+0000] {taskinstance.py:2612} INFO - Dependencies all met for dep_context=requeueable deps ti=<TaskInstance: nba_data_pipeline.run_data_ingestion manual__2024-09-19T06:09:14.741097+00:00 [queued]>
[2024-09-19T06:09:15.543+0000] {taskinstance.py:2865} INFO - Starting attempt 1 of 4
[2024-09-19T06:09:15.558+0000] {taskinstance.py:2888} INFO - Executing <Task(_PythonDecoratedOperator): run_data_ingestion> on 2024-09-19 06:09:14.741097+00:00
[2024-09-19T06:09:15.567+0000] {standard_task_runner.py:104} INFO - Running: ['airflow', 'tasks', 'run', 'nba_data_pipeline', 'run_data_ingestion', 'manual__2024-09-19T06:09:14.741097+00:00', '--job-id', '2', '--raw', '--subdir', 'DAGS_FOLDER/nba_data_pipeline.py', '--cfg-path', '/tmp/tmp5dd6wht1']
[2024-09-19T06:09:15.570+0000] {standard_task_runner.py:105} INFO - Job 2: Subtask run_data_ingestion
[2024-09-19T06:09:15.572+0000] {logging_mixin.py:190} WARNING - /home/airflow/.local/lib/python3.12/site-packages/airflow/task/task_runner/standard_task_runner.py:70 DeprecationWarning: This process (pid=201) is multi-threaded, use of fork() may lead to deadlocks in the child.
[2024-09-19T06:09:15.574+0000] {standard_task_runner.py:72} INFO - Started process 202 to run task
[2024-09-19T06:09:15.628+0000] {task_command.py:467} INFO - Running <TaskInstance: nba_data_pipeline.run_data_ingestion manual__2024-09-19T06:09:14.741097+00:00 [running]> on host 5edf32f722bc
[2024-09-19T06:09:15.730+0000] {taskinstance.py:3131} INFO - Exporting env vars: AIRFLOW_CTX_DAG_OWNER='airflow' AIRFLOW_CTX_DAG_ID='nba_data_pipeline' AIRFLOW_CTX_TASK_ID='run_data_ingestion' AIRFLOW_CTX_EXECUTION_DATE='2024-09-19T06:09:14.741097+00:00' AIRFLOW_CTX_TRY_NUMBER='1' AIRFLOW_CTX_DAG_RUN_ID='manual__2024-09-19T06:09:14.741097+00:00'
[2024-09-19T06:09:15.731+0000] {taskinstance.py:731} INFO - ::endgroup::
[2024-09-19T06:09:15.736+0000] {baseoperator.py:405} WARNING - DockerOperator.execute cannot be called outside TaskInstance!
[2024-09-19T06:09:15.767+0000] {docker.py:367} INFO - Starting docker container from image us-west1-docker.pkg.dev/nba-fantasy-ml/nba-data-pipeline-repo/data-ingestion:latest
[2024-09-19T06:10:36.573+0000] {docker.py:438} INFO - Processing batch 1/1
[2024-09-19T06:10:36.574+0000] {docker.py:438} INFO - Scraping box score: https://www.basketball-reference.com/boxscores/202310240DEN.html for game date 2023-10-24
[2024-09-19T06:10:36.575+0000] {docker.py:438} INFO - Scraping box score: https://www.basketball-reference.com/boxscores/202310240GSW.html for game date 2023-10-24
[2024-09-19T06:10:36.575+0000] {docker.py:438} INFO - Scraping box score: https://www.basketball-reference.com/boxscores/202310250ORL.html for game date 2023-10-25
[2024-09-19T06:10:36.575+0000] {docker.py:438} INFO - Scraping box score: https://www.basketball-reference.com/boxscores/202310250NYK.html for game date 2023-10-25
[2024-09-19T06:10:36.576+0000] {docker.py:438} INFO - Scraping box score: https://www.basketball-reference.com/boxscores/202310250IND.html for game date 2023-10-25
[2024-09-19T06:10:36.576+0000] {docker.py:438} INFO - Scraping box score: https://www.basketball-reference.com/boxscores/202310250CHO.html for game date 2023-10-25
[2024-09-19T06:10:36.577+0000] {docker.py:438} INFO - Scraping box score: https://www.basketball-reference.com/boxscores/202310250MIA.html for game date 2023-10-25
[2024-09-19T06:10:36.577+0000] {docker.py:438} INFO - Scraping box score: https://www.basketball-reference.com/boxscores/202310250TOR.html for game date 2023-10-25
[2024-09-19T06:10:36.578+0000] {docker.py:438} INFO - Scraping box score: https://www.basketball-reference.com/boxscores/202310250BRK.html for game date 2023-10-25
[2024-09-19T06:10:36.578+0000] {docker.py:438} INFO - Scraping box score: https://www.basketball-reference.com/boxscores/202310250MEM.html for game date 2023-10-25
[2024-09-19T06:10:36.578+0000] {docker.py:438} INFO - Skipping incomplete data for ja morant
[2024-09-19T06:10:36.579+0000] {docker.py:438} INFO - Scraping box score: https://www.basketball-reference.com/boxscores/202310250CHI.html for game date 2023-10-25
[2024-09-19T06:10:36.579+0000] {docker.py:438} INFO - Scraping box score: https://www.basketball-reference.com/boxscores/202310250UTA.html for game date 2023-10-25
[2024-09-19T06:10:36.580+0000] {docker.py:438} INFO - Scraping box score: https://www.basketball-reference.com/boxscores/202310250SAS.html for game date 2023-10-25
[2024-09-19T06:10:36.580+0000] {docker.py:438} INFO - Skipping incomplete data for devonte' graham
[2024-09-19T06:10:36.580+0000] {docker.py:438} INFO - Scraping box score: https://www.basketball-reference.com/boxscores/202310250LAC.html for game date 2023-10-25
[2024-09-19T06:10:36.581+0000] {docker.py:438} INFO - Failed to upload player_box_scores/2023-24/nba_player_stats_2023-24_2023-10-24_to_2023-10-25_2024-09-19_06-10-36.csv: expected string or bytes-like object
[2024-09-19T06:10:36.581+0000] {docker.py:438} INFO - 2024-09-19 06:10:36,571 - INFO - Data successfully uploaded to MinIO bucket 'None' as 'player_box_scores/2023-24/nba_player_stats_2023-24_2023-10-24_to_2023-10-25_2024-09-19_06-10-36.csv'
[2024-09-19T06:10:36.582+0000] {docker.py:438} INFO - 2024-09-19 06:10:36,572 - INFO - Data ingestion completed successfully
[2024-09-19T06:10:36.832+0000] {python.py:240} INFO - Done. Returned value was: Processing batch 1/1
Scraping box score: https://www.basketball-reference.com/boxscores/202310240DEN.html for game date 2023-10-24
Scraping box score: https://www.basketball-reference.com/boxscores/202310240GSW.html for game date 2023-10-24
Scraping box score: https://www.basketball-reference.com/boxscores/202310250ORL.html for game date 2023-10-25
Scraping box score: https://www.basketball-reference.com/boxscores/202310250NYK.html for game date 2023-10-25
Scraping box score: https://www.basketball-reference.com/boxscores/202310250IND.html for game date 2023-10-25
Scraping box score: https://www.basketball-reference.com/boxscores/202310250CHO.html for game date 2023-10-25
Scraping box score: https://www.basketball-reference.com/boxscores/202310250MIA.html for game date 2023-10-25
Scraping box score: https://www.basketball-reference.com/boxscores/202310250TOR.html for game date 2023-10-25
Scraping box score: https://www.basketball-reference.com/boxscores/202310250BRK.html for game date 2023-10-25
Scraping box score: https://www.basketball-reference.com/boxscores/202310250MEM.html for game date 2023-10-25
Skipping incomplete data for ja morant
Scraping box score: https://www.basketball-reference.com/boxscores/202310250CHI.html for game date 2023-10-25
Scraping box score: https://www.basketball-reference.com/boxscores/202310250UTA.html for game date 2023-10-25
Scraping box score: https://www.basketball-reference.com/boxscores/202310250SAS.html for game date 2023-10-25
Skipping incomplete data for devonte' graham
Scraping box score: https://www.basketball-reference.com/boxscores/202310250LAC.html for game date 2023-10-25
Failed to upload player_box_scores/2023-24/nba_player_stats_2023-24_2023-10-24_to_2023-10-25_2024-09-19_06-10-36.csv: expected string or bytes-like object
2024-09-19 06:10:36,571 - INFO - Data successfully uploaded to MinIO bucket 'None' as 'player_box_scores/2023-24/nba_player_stats_2023-24_2023-10-24_to_2023-10-25_2024-09-19_06-10-36.csv'
2024-09-19 06:10:36,572 - INFO - Data ingestion completed successfully
[2024-09-19T06:10:36.854+0000] {taskinstance.py:340} INFO - ::group::Post task execution logs
[2024-09-19T06:10:36.855+0000] {taskinstance.py:352} INFO - Marking task as SUCCESS. dag_id=nba_data_pipeline, task_id=run_data_ingestion, run_id=manual__2024-09-19T06:09:14.741097+00:00, execution_date=20240919T060914, start_date=20240919T060915, end_date=20240919T061036
[2024-09-19T06:10:36.911+0000] {local_task_job_runner.py:266} INFO - Task exited with return code 0
[2024-09-19T06:10:36.934+0000] {taskinstance.py:3900} INFO - 1 downstream tasks scheduled from follow-on schedule check
[2024-09-19T06:10:36.936+0000] {local_task_job_runner.py:245} INFO - ::endgroup::
