[2024-09-19T01:02:11.296+0000] {local_task_job_runner.py:123} INFO - ::group::Pre task execution logs
[2024-09-19T01:02:11.316+0000] {taskinstance.py:2612} INFO - Dependencies all met for dep_context=non-requeueable deps ti=<TaskInstance: nba_data_pipeline.run_data_ingestion manual__2024-09-19T01:02:10.034441+00:00 [queued]>
[2024-09-19T01:02:11.327+0000] {taskinstance.py:2612} INFO - Dependencies all met for dep_context=requeueable deps ti=<TaskInstance: nba_data_pipeline.run_data_ingestion manual__2024-09-19T01:02:10.034441+00:00 [queued]>
[2024-09-19T01:02:11.327+0000] {taskinstance.py:2865} INFO - Starting attempt 1 of 2
[2024-09-19T01:02:11.344+0000] {taskinstance.py:2888} INFO - Executing <Task(DockerOperator): run_data_ingestion> on 2024-09-19 01:02:10.034441+00:00
[2024-09-19T01:02:11.353+0000] {standard_task_runner.py:104} INFO - Running: ['airflow', 'tasks', 'run', 'nba_data_pipeline', 'run_data_ingestion', 'manual__2024-09-19T01:02:10.034441+00:00', '--job-id', '6', '--raw', '--subdir', 'DAGS_FOLDER/nba_data_pipeline.py', '--cfg-path', '/tmp/tmp6gkrzrod']
[2024-09-19T01:02:11.357+0000] {standard_task_runner.py:105} INFO - Job 6: Subtask run_data_ingestion
[2024-09-19T01:02:11.359+0000] {logging_mixin.py:190} WARNING - /home/airflow/.local/lib/python3.12/site-packages/airflow/task/task_runner/standard_task_runner.py:70 DeprecationWarning: This process (pid=242) is multi-threaded, use of fork() may lead to deadlocks in the child.
[2024-09-19T01:02:11.360+0000] {standard_task_runner.py:72} INFO - Started process 243 to run task
[2024-09-19T01:02:11.416+0000] {task_command.py:467} INFO - Running <TaskInstance: nba_data_pipeline.run_data_ingestion manual__2024-09-19T01:02:10.034441+00:00 [running]> on host 2c1409e97385
[2024-09-19T01:02:11.532+0000] {taskinstance.py:3131} INFO - Exporting env vars: AIRFLOW_CTX_DAG_OWNER='airflow' AIRFLOW_CTX_DAG_ID='nba_data_pipeline' AIRFLOW_CTX_TASK_ID='run_data_ingestion' AIRFLOW_CTX_EXECUTION_DATE='2024-09-19T01:02:10.034441+00:00' AIRFLOW_CTX_TRY_NUMBER='1' AIRFLOW_CTX_DAG_RUN_ID='manual__2024-09-19T01:02:10.034441+00:00'
[2024-09-19T01:02:11.534+0000] {taskinstance.py:731} INFO - ::endgroup::
[2024-09-19T01:02:11.567+0000] {docker.py:367} INFO - Starting docker container from image us-west1-docker.pkg.dev/nba-fantasy-ml/nba-data-pipeline-repo/data-ingestion:latest
[2024-09-19T01:02:11.575+0000] {docker.py:375} WARNING - Using remote engine or docker-in-docker and mounting temporary volume from host is not supported. Falling back to `mount_tmp_dir=False` mode. You can set `mount_tmp_dir` parameter to False to disable mounting and remove the warning
[2024-09-19T01:03:39.230+0000] {docker.py:438} INFO - Processing batch 1/1
[2024-09-19T01:03:39.231+0000] {docker.py:438} INFO - Scraping box score: https://www.basketball-reference.com/boxscores/202310240DEN.html for game date 2023-10-24
[2024-09-19T01:03:39.231+0000] {docker.py:438} INFO - Scraping box score: https://www.basketball-reference.com/boxscores/202310240GSW.html for game date 2023-10-24
[2024-09-19T01:03:39.232+0000] {docker.py:438} INFO - Scraping box score: https://www.basketball-reference.com/boxscores/202310250ORL.html for game date 2023-10-25
[2024-09-19T01:03:39.232+0000] {docker.py:438} INFO - Scraping box score: https://www.basketball-reference.com/boxscores/202310250NYK.html for game date 2023-10-25
[2024-09-19T01:03:39.232+0000] {docker.py:438} INFO - Scraping box score: https://www.basketball-reference.com/boxscores/202310250IND.html for game date 2023-10-25
[2024-09-19T01:03:39.233+0000] {docker.py:438} INFO - Scraping box score: https://www.basketball-reference.com/boxscores/202310250CHO.html for game date 2023-10-25
[2024-09-19T01:03:39.233+0000] {docker.py:438} INFO - Scraping box score: https://www.basketball-reference.com/boxscores/202310250MIA.html for game date 2023-10-25
[2024-09-19T01:03:39.234+0000] {docker.py:438} INFO - Scraping box score: https://www.basketball-reference.com/boxscores/202310250TOR.html for game date 2023-10-25
[2024-09-19T01:03:39.235+0000] {docker.py:438} INFO - Scraping box score: https://www.basketball-reference.com/boxscores/202310250BRK.html for game date 2023-10-25
[2024-09-19T01:03:39.235+0000] {docker.py:438} INFO - Scraping box score: https://www.basketball-reference.com/boxscores/202310250MEM.html for game date 2023-10-25
[2024-09-19T01:03:39.235+0000] {docker.py:438} INFO - Skipping incomplete data for ja morant
[2024-09-19T01:03:39.236+0000] {docker.py:438} INFO - Scraping box score: https://www.basketball-reference.com/boxscores/202310250CHI.html for game date 2023-10-25
[2024-09-19T01:03:39.236+0000] {docker.py:438} INFO - Scraping box score: https://www.basketball-reference.com/boxscores/202310250UTA.html for game date 2023-10-25
[2024-09-19T01:03:39.237+0000] {docker.py:438} INFO - Scraping box score: https://www.basketball-reference.com/boxscores/202310250SAS.html for game date 2023-10-25
[2024-09-19T01:03:39.238+0000] {docker.py:438} INFO - Skipping incomplete data for devonte' graham
[2024-09-19T01:03:39.238+0000] {docker.py:438} INFO - Scraping box score: https://www.basketball-reference.com/boxscores/202310250LAC.html for game date 2023-10-25
[2024-09-19T01:03:39.239+0000] {docker.py:438} INFO - File player_box_scores/2023-24/nba_player_stats_2023-24_2023-10-24_to_2023-10-25_2024-09-19_01-03-39.csv successfully uploaded to bucket nba-raw-data
[2024-09-19T01:03:39.239+0000] {docker.py:438} INFO - 2024-09-19 01:03:39,228 - INFO - Data successfully uploaded to MinIO bucket 'nba-raw-data' as 'player_box_scores/2023-24/nba_player_stats_2023-24_2023-10-24_to_2023-10-25_2024-09-19_01-03-39.csv'
[2024-09-19T01:03:39.239+0000] {docker.py:438} INFO - 2024-09-19 01:03:39,228 - INFO - Data ingestion completed successfully
[2024-09-19T01:03:39.457+0000] {taskinstance.py:340} INFO - ::group::Post task execution logs
[2024-09-19T01:03:39.458+0000] {taskinstance.py:352} INFO - Marking task as SUCCESS. dag_id=nba_data_pipeline, task_id=run_data_ingestion, run_id=manual__2024-09-19T01:02:10.034441+00:00, execution_date=20240919T010210, start_date=20240919T010211, end_date=20240919T010339
[2024-09-19T01:03:39.498+0000] {local_task_job_runner.py:266} INFO - Task exited with return code 0
[2024-09-19T01:03:39.522+0000] {taskinstance.py:3900} INFO - 1 downstream tasks scheduled from follow-on schedule check
[2024-09-19T01:03:39.523+0000] {local_task_job_runner.py:245} INFO - ::endgroup::
