[2024-09-20T01:37:10.830+0000] {local_task_job_runner.py:123} INFO - ::group::Pre task execution logs
[2024-09-20T01:37:10.849+0000] {taskinstance.py:2612} INFO - Dependencies all met for dep_context=non-requeueable deps ti=<TaskInstance: nba_data_pipeline.run_data_processing scheduled__2024-09-19T00:00:00+00:00 [queued]>
[2024-09-20T01:37:10.858+0000] {taskinstance.py:2612} INFO - Dependencies all met for dep_context=requeueable deps ti=<TaskInstance: nba_data_pipeline.run_data_processing scheduled__2024-09-19T00:00:00+00:00 [queued]>
[2024-09-20T01:37:10.858+0000] {taskinstance.py:2865} INFO - Starting attempt 1 of 4
[2024-09-20T01:37:10.873+0000] {taskinstance.py:2888} INFO - Executing <Task(DockerOperator): run_data_processing> on 2024-09-19 00:00:00+00:00
[2024-09-20T01:37:10.881+0000] {standard_task_runner.py:104} INFO - Running: ['airflow', 'tasks', 'run', 'nba_data_pipeline', 'run_data_processing', 'scheduled__2024-09-19T00:00:00+00:00', '--job-id', '4', '--raw', '--subdir', 'DAGS_FOLDER/nba_data_pipeline.py', '--cfg-path', '/tmp/tmpfdvtn35h']
[2024-09-20T01:37:10.884+0000] {standard_task_runner.py:105} INFO - Job 4: Subtask run_data_processing
[2024-09-20T01:37:10.886+0000] {logging_mixin.py:190} WARNING - /home/airflow/.local/lib/python3.12/site-packages/airflow/task/task_runner/standard_task_runner.py:70 DeprecationWarning: This process (pid=245) is multi-threaded, use of fork() may lead to deadlocks in the child.
[2024-09-20T01:37:10.887+0000] {standard_task_runner.py:72} INFO - Started process 246 to run task
[2024-09-20T01:37:10.940+0000] {task_command.py:467} INFO - Running <TaskInstance: nba_data_pipeline.run_data_processing scheduled__2024-09-19T00:00:00+00:00 [running]> on host c1240d9a9289
[2024-09-20T01:37:11.041+0000] {taskinstance.py:3131} INFO - Exporting env vars: AIRFLOW_CTX_DAG_OWNER='airflow' AIRFLOW_CTX_DAG_ID='nba_data_pipeline' AIRFLOW_CTX_TASK_ID='run_data_processing' AIRFLOW_CTX_EXECUTION_DATE='2024-09-19T00:00:00+00:00' AIRFLOW_CTX_TRY_NUMBER='1' AIRFLOW_CTX_DAG_RUN_ID='scheduled__2024-09-19T00:00:00+00:00'
[2024-09-20T01:37:11.044+0000] {taskinstance.py:731} INFO - ::endgroup::
[2024-09-20T01:37:11.075+0000] {docker.py:367} INFO - Starting docker container from image us-west1-docker.pkg.dev/nba-fantasy-ml/nba-data-pipeline-repo/data-processing:latest
[2024-09-20T01:37:11.859+0000] {docker.py:438} INFO - 2024-09-20 01:37:11,857 - INFO - Starting data processing...
[2024-09-20T01:37:11.863+0000] {docker.py:438} INFO - 2024-09-20 01:37:11,861 - INFO - Database connected.
[2024-09-20T01:37:11.863+0000] {docker.py:438} INFO - 2024-09-20 01:37:11,862 - INFO - Cleaning and preprocessing data...
[2024-09-20T01:37:11.900+0000] {docker.py:438} INFO - 2024-09-20 01:37:11,898 - INFO - Validation passed.
[2024-09-20T01:37:11.901+0000] {docker.py:438} INFO - 2024-09-20 01:37:11,898 - INFO - Assigning unique IDs for players and games...
[2024-09-20T01:37:11.987+0000] {docker.py:438} INFO - 2024-09-20 01:37:11,985 - INFO - Inserting player stats into database...
[2024-09-20T01:37:12.089+0000] {docker.py:438} INFO - 2024-09-20 01:37:12,088 - INFO - Data processing completed successfully.
[2024-09-20T01:37:12.090+0000] {docker.py:438} INFO - 2024-09-20 01:37:12,088 - INFO - Database connection closed.
[2024-09-20T01:37:12.090+0000] {docker.py:438} INFO - 2024-09-20 01:37:12,088 - INFO - Successfully processed player_box_scores/2023-24/nba_player_stats_2023-24_2023-10-24_to_2023-10-25_2024-09-20_01-37-09.csv
[2024-09-20T01:37:12.313+0000] {taskinstance.py:340} INFO - ::group::Post task execution logs
[2024-09-20T01:37:12.314+0000] {taskinstance.py:352} INFO - Marking task as SUCCESS. dag_id=nba_data_pipeline, task_id=run_data_processing, run_id=scheduled__2024-09-19T00:00:00+00:00, execution_date=20240919T000000, start_date=20240920T013710, end_date=20240920T013712
[2024-09-20T01:37:12.340+0000] {local_task_job_runner.py:266} INFO - Task exited with return code 0
[2024-09-20T01:37:12.358+0000] {taskinstance.py:3900} INFO - 0 downstream tasks scheduled from follow-on schedule check
[2024-09-20T01:37:12.360+0000] {local_task_job_runner.py:245} INFO - ::endgroup::
