[2024-09-18T21:33:50.356+0000] {local_task_job_runner.py:123} INFO - ::group::Pre task execution logs
[2024-09-18T21:33:50.377+0000] {taskinstance.py:2612} INFO - Dependencies all met for dep_context=non-requeueable deps ti=<TaskInstance: nba_data_pipeline.run_data_processing manual__2024-09-18T21:33:46.206972+00:00 [queued]>
[2024-09-18T21:33:50.387+0000] {taskinstance.py:2612} INFO - Dependencies all met for dep_context=requeueable deps ti=<TaskInstance: nba_data_pipeline.run_data_processing manual__2024-09-18T21:33:46.206972+00:00 [queued]>
[2024-09-18T21:33:50.388+0000] {taskinstance.py:2865} INFO - Starting attempt 1 of 2
[2024-09-18T21:33:50.400+0000] {taskinstance.py:2888} INFO - Executing <Task(_PythonDecoratedOperator): run_data_processing> on 2024-09-18 21:33:46.206972+00:00
[2024-09-18T21:33:50.408+0000] {standard_task_runner.py:104} INFO - Running: ['airflow', 'tasks', 'run', 'nba_data_pipeline', 'run_data_processing', 'manual__2024-09-18T21:33:46.206972+00:00', '--job-id', '5', '--raw', '--subdir', 'DAGS_FOLDER/nba_data_pipeline.py', '--cfg-path', '/tmp/tmpseo63a8j']
[2024-09-18T21:33:50.412+0000] {standard_task_runner.py:105} INFO - Job 5: Subtask run_data_processing
[2024-09-18T21:33:50.412+0000] {logging_mixin.py:190} WARNING - /home/airflow/.local/lib/python3.12/site-packages/airflow/task/task_runner/standard_task_runner.py:70 DeprecationWarning: This process (pid=274) is multi-threaded, use of fork() may lead to deadlocks in the child.
[2024-09-18T21:33:50.414+0000] {standard_task_runner.py:72} INFO - Started process 276 to run task
[2024-09-18T21:33:50.462+0000] {task_command.py:467} INFO - Running <TaskInstance: nba_data_pipeline.run_data_processing manual__2024-09-18T21:33:46.206972+00:00 [running]> on host ce65ca4e65cd
[2024-09-18T21:33:50.550+0000] {taskinstance.py:3131} INFO - Exporting env vars: AIRFLOW_CTX_DAG_OWNER='airflow' AIRFLOW_CTX_DAG_ID='nba_data_pipeline' AIRFLOW_CTX_TASK_ID='run_data_processing' AIRFLOW_CTX_EXECUTION_DATE='2024-09-18T21:33:46.206972+00:00' AIRFLOW_CTX_TRY_NUMBER='1' AIRFLOW_CTX_DAG_RUN_ID='manual__2024-09-18T21:33:46.206972+00:00'
[2024-09-18T21:33:50.551+0000] {taskinstance.py:731} INFO - ::endgroup::
[2024-09-18T21:33:50.570+0000] {cleaning.py:279} INFO - Starting data processing...
[2024-09-18T21:33:50.574+0000] {cleaning.py:289} INFO - Database connected.
[2024-09-18T21:33:50.575+0000] {cleaning.py:292} INFO - Cleaning and preprocessing data...
[2024-09-18T21:33:50.613+0000] {validate.py:58} INFO - Validation passed.
[2024-09-18T21:33:50.614+0000] {cleaning.py:305} INFO - Assigning unique IDs for players and games...
[2024-09-18T21:33:50.635+0000] {cleaning.py:310} INFO - Inserting player stats into database...
[2024-09-18T21:33:50.641+0000] {cleaning.py:314} ERROR - Error processing raw data: duplicate key value violates unique constraint "playerstats_pkey"
DETAIL:  Key (game_id, player_id)=(35cb0b0af43f4774b3a236ef2275d790, 1) already exists.

[2024-09-18T21:33:50.641+0000] {cleaning.py:318} INFO - Database connection closed.
[2024-09-18T21:33:50.642+0000] {main.py:36} INFO - Successfully processed player_box_scores/2023-24/nba_player_stats_2023-24_2024-06-01_to_2024-06-30_2024-09-18_21-27-00.csv
[2024-09-18T21:33:50.643+0000] {python.py:240} INFO - Done. Returned value was: None
[2024-09-18T21:33:50.652+0000] {taskinstance.py:340} INFO - ::group::Post task execution logs
[2024-09-18T21:33:50.653+0000] {taskinstance.py:352} INFO - Marking task as SUCCESS. dag_id=nba_data_pipeline, task_id=run_data_processing, run_id=manual__2024-09-18T21:33:46.206972+00:00, execution_date=20240918T213346, start_date=20240918T213350, end_date=20240918T213350
[2024-09-18T21:33:50.678+0000] {local_task_job_runner.py:266} INFO - Task exited with return code 0
[2024-09-18T21:33:50.698+0000] {taskinstance.py:3900} INFO - 0 downstream tasks scheduled from follow-on schedule check
[2024-09-18T21:33:50.699+0000] {local_task_job_runner.py:245} INFO - ::endgroup::
